<?xml version="1.0" encoding="UTF-8"?>
<!-- Generated by org.testng.reporters.JUnitXMLReporter -->
<testsuite ignored="1" hostname="Srini" failures="0" tests="4" name="Default test" time="0.638" errors="0" timestamp="2026-04-21T12:20:29 IST">
  <testcase classname="testNG_Practice.DatProviderTest" name="addProductToCartTest" time="0.007"/>
  <testcase classname="testNG_Practice.DatProviderTest" name="addProductToCartTest" time="0.002"/>
  <testcase classname="testNG_Practice.DatProviderTest" name="addProductToCartTest" time="0.001"/>
  <testcase classname="testNG_Practice.DatProviderTest" name="addProductToCartTest" time="0.001"/>
  <testcase classname="testNG_Practice.DatProviderTest" name="addProductTest" time="0.0">
    <ignored/>
  </testcase> <!-- addProductTest -->
</testsuite> <!-- Default test -->
