<?xml version="1.0" encoding="UTF-8"?>
<!-- Generated by org.testng.reporters.JUnitXMLReporter -->
<testsuite ignored="2" hostname="Srini" failures="0" tests="1" name="Test" time="2.55" errors="0" timestamp="2026-03-18T20:26:17 IST">
  <testcase classname="testNG_Practice.TestngSuitePractice" name="addProductTest" time="0.013"/>
  <testcase classname="testNG_Practice.TestngSuitePractice" name="swapProductTest" time="0.0">
    <ignored/>
  </testcase> <!-- swapProductTest -->
  <testcase classname="testNG_Practice.TestngSuitePractice" name="MultipleProductTest" time="0.0">
    <ignored/>
  </testcase> <!-- MultipleProductTest -->
</testsuite> <!-- Test -->
