<?xml version="1.0" encoding="UTF-8"?>
<testng-results ignored="0" total="1" passed="1" failed="0" skipped="0">
  <reporter-output>
  </reporter-output>
  <suite started-at="2026-04-13T17:40:39 IST" name="Default suite" finished-at="2026-04-13T17:40:44 IST" duration-ms="5029">
    <groups>
    </groups>
    <test started-at="2026-04-13T17:40:39 IST" name="Default test" finished-at="2026-04-13T17:40:44 IST" duration-ms="5029">
      <class name="testNG_Practice.ValidateProduct_POMusingBC">
        <test-method is-config="true" signature="bsConfig()[pri:0, instance:testNG_Practice.ValidateProduct_POMusingBC@3bf7ca37]" started-at="2026-04-13T17:40:39 IST" name="bsConfig" finished-at="2026-04-13T17:40:39 IST" duration-ms="11" status="PASS">
          <reporter-output>
          </reporter-output>
        </test-method> <!-- bsConfig -->
        <test-method is-config="true" signature="bcConfig()[pri:0, instance:testNG_Practice.ValidateProduct_POMusingBC@3bf7ca37]" started-at="2026-04-13T17:40:39 IST" name="bcConfig" finished-at="2026-04-13T17:40:42 IST" duration-ms="2757" status="PASS">
          <reporter-output>
          </reporter-output>
        </test-method> <!-- bcConfig -->
        <test-method is-config="true" signature="bmConfig()[pri:0, instance:testNG_Practice.ValidateProduct_POMusingBC@3bf7ca37]" started-at="2026-04-13T17:40:42 IST" name="bmConfig" finished-at="2026-04-13T17:40:43 IST" duration-ms="415" status="PASS">
          <reporter-output>
          </reporter-output>
        </test-method> <!-- bmConfig -->
        <test-method signature="validateProduct()[pri:0, instance:testNG_Practice.ValidateProduct_POMusingBC@3bf7ca37]" started-at="2026-04-13T17:40:43 IST" name="validateProduct" finished-at="2026-04-13T17:40:44 IST" duration-ms="1199" status="PASS">
          <reporter-output>
          </reporter-output>
        </test-method> <!-- validateProduct -->
        <test-method is-config="true" signature="amConfig()[pri:0, instance:testNG_Practice.ValidateProduct_POMusingBC@3bf7ca37]" started-at="2026-04-13T17:40:44 IST" name="amConfig" finished-at="2026-04-13T17:40:44 IST" duration-ms="341" status="PASS">
          <reporter-output>
          </reporter-output>
        </test-method> <!-- amConfig -->
        <test-method is-config="true" signature="acConfig()[pri:0, instance:testNG_Practice.ValidateProduct_POMusingBC@3bf7ca37]" started-at="2026-04-13T17:40:44 IST" name="acConfig" finished-at="2026-04-13T17:40:44 IST" duration-ms="261" status="PASS">
          <reporter-output>
          </reporter-output>
        </test-method> <!-- acConfig -->
        <test-method is-config="true" signature="asConfig()[pri:0, instance:testNG_Practice.ValidateProduct_POMusingBC@3bf7ca37]" started-at="2026-04-13T17:40:44 IST" name="asConfig" finished-at="2026-04-13T17:40:44 IST" duration-ms="0" status="PASS">
          <reporter-output>
          </reporter-output>
        </test-method> <!-- asConfig -->
      </class> <!-- testNG_Practice.ValidateProduct_POMusingBC -->
    </test> <!-- Default test -->
  </suite> <!-- Default suite -->
</testng-results>
