<?xml version="1.0" encoding="UTF-8"?>
<!-- Generated by org.testng.reporters.JUnitReportReporter -->
<testsuite hostname="Srini" failures="0" tests="4" name="testNG_Practice.AddToProduct_usingDataProvider" time="5.540" errors="0" timestamp="2026-04-21T12:20:07 IST" skipped="0">
  <testcase classname="testNG_Practice.AddToProduct_usingDataProvider" name="tc_01_AddProductToCartTest" time="1.305"/>
  <testcase classname="testNG_Practice.AddToProduct_usingDataProvider" name="tc_01_AddProductToCartTest" time="1.248"/>
  <testcase classname="testNG_Practice.AddToProduct_usingDataProvider" name="tc_01_AddProductToCartTest" time="1.562"/>
  <testcase classname="testNG_Practice.AddToProduct_usingDataProvider" name="tc_01_AddProductToCartTest" time="1.425"/>
</testsuite> <!-- testNG_Practice.AddToProduct_usingDataProvider -->
