<?xml version="1.0" encoding="UTF-8"?>
<!-- Generated by org.testng.reporters.JUnitReportReporter -->
<testsuite hostname="Srini" failures="0" tests="4" name="testNG_Practice.DatProviderTest" time="0.011" errors="0" timestamp="2026-04-21T12:20:29 IST" skipped="0">
  <testcase classname="testNG_Practice.DatProviderTest" name="addProductToCartTest" time="0.001"/>
  <testcase classname="testNG_Practice.DatProviderTest" name="addProductToCartTest" time="0.002"/>
  <testcase classname="testNG_Practice.DatProviderTest" name="addProductToCartTest" time="0.001"/>
  <testcase classname="testNG_Practice.DatProviderTest" name="addProductToCartTest" time="0.007"/>
</testsuite> <!-- testNG_Practice.DatProviderTest -->
