<?xml version="1.0" encoding="UTF-8"?>
<!-- Generated by org.testng.reporters.JUnitReportReporter -->
<testsuite hostname="Srini" failures="0" tests="4" name="practice.TestNGPracticeTest" time="0.013" errors="0" timestamp="2026-03-11T00:33:31 IST" skipped="0">
  <testcase classname="practice.TestNGPracticeTest" name="updateProductTest" time="0.008"/>
  <testcase classname="practice.TestNGPracticeTest" name="addProductTest" time="0.002"/>
  <testcase classname="practice.TestNGPracticeTest" name="removeProductTest" time="0.002"/>
  <testcase classname="practice.TestNGPracticeTest" name="removeProductTest" time="0.001"/>
</testsuite> <!-- practice.TestNGPracticeTest -->
