<?xml version="1.0" encoding="UTF-8"?>
<!-- Generated by org.testng.reporters.JUnitReportReporter -->
<testsuite hostname="Srini" failures="0" tests="2" name="testNG_Practice.DatProviderTest" time="0.014" errors="0" timestamp="2026-03-18T19:44:51 IST" skipped="0">
  <testcase classname="testNG_Practice.DatProviderTest" name="addProductTest" time="0.002"/>
  <testcase classname="testNG_Practice.DatProviderTest" name="addProductTest" time="0.012"/>
</testsuite> <!-- testNG_Practice.DatProviderTest -->
