<?xml version="1.0" encoding="UTF-8"?>
<!-- Generated by org.testng.reporters.JUnitReportReporter -->
<testsuite hostname="Srini" failures="0" tests="4" name="testNG_Practice.TestNGPracticeTest" time="0.016" errors="0" timestamp="2026-03-18T19:44:51 IST" skipped="0">
  <testcase classname="testNG_Practice.TestNGPracticeTest" name="updateProductTest" time="0.004"/>
  <testcase classname="testNG_Practice.TestNGPracticeTest" name="addProductTest" time="0.004"/>
  <testcase classname="testNG_Practice.TestNGPracticeTest" name="removeProductTest" time="0.003"/>
  <testcase classname="testNG_Practice.TestNGPracticeTest" name="removeProductTest" time="0.005"/>
</testsuite> <!-- testNG_Practice.TestNGPracticeTest -->
