<?xml version="1.0" encoding="UTF-8"?>
<!-- Generated by org.testng.reporters.JUnitReportReporter -->
<testsuite hostname="Srini" failures="0" tests="4" name="practice.TestNGPractice" time="0.017" errors="0" timestamp="2026-03-10T20:43:45 IST" skipped="0">
  <testcase classname="practice.TestNGPractice" name="updateProductTest" time="0.013"/>
  <testcase classname="practice.TestNGPractice" name="addProductTest" time="0.001"/>
  <testcase classname="practice.TestNGPractice" name="removeProductTest" time="0.002"/>
  <testcase classname="practice.TestNGPractice" name="removeProductTest" time="0.001"/>
</testsuite> <!-- practice.TestNGPractice -->
