<?xml version="1.0" encoding="UTF-8"?>
<!-- Generated by org.testng.reporters.JUnitReportReporter -->
<testsuite hostname="Srini" failures="0" tests="2" name="testNG_Practice.AddingProductToCart" time="4.708" errors="0" timestamp="2026-04-03T16:23:06 IST" skipped="0">
  <testcase classname="testNG_Practice.AddingProductToCart" name="addToCartTest" time="2.085"/>
  <testcase classname="testNG_Practice.AddingProductToCart" name="addToCartTest" time="2.623"/>
</testsuite> <!-- testNG_Practice.AddingProductToCart -->
